{"name": "test_add_product_to_cart", "status": "failed", "statusDetails": {"message": "selene.core.exceptions.TimeoutException: Message: \n\nTimed out after 2.0s, while waiting for:\nbrowser.all(('css selector', '.cart_item_label')).has text Sauce Labs Onesie\n\nReason: AttributeError: 'list' object has no attribute 'text'\nScreenshot: file://C:\\Users\\skmee\\.selene\\screenshots\\1690619737537\\1690619737538.png\nPageSource: file://C:\\Users\\skmee\\.selene\\screenshots\\1690619737537\\1690619737538.html", "trace": "fn = <selene.core.conditions.ElementCondition object at 0x0000026EB25EA1D0>\n\n    @self._decorator(self)\n    def _(fn: Callable[[E], R]) -> R:\n        finish_time = time.time() + self._timeout\n    \n        while True:\n            try:\n>               return fn(self.entity)\n\n..\\..\\..\\AppData\\Local\\Programs\\Python\\Python311\\Lib\\site-packages\\selene\\core\\wait.py:122: \n_ _ _ _ _ _ _ _ _ _ _ _ _ _ _ _ _ _ _ _ _ _ _ _ _ _ _ _ _ _ _ _ _ _ _ _ _ _ _ _\n\nself = <selene.core.conditions.ElementCondition object at 0x0000026EB25EA1D0>\nentity = <selene.core.entity.Collection object at 0x0000026EB25E8990>\n\n    def __call__(self, entity: E) -> None:\n>       return self._fn(entity)\n\n..\\..\\..\\AppData\\Local\\Programs\\Python\\Python311\\Lib\\site-packages\\selene\\core\\condition.py:174: \n_ _ _ _ _ _ _ _ _ _ _ _ _ _ _ _ _ _ _ _ _ _ _ _ _ _ _ _ _ _ _ _ _ _ _ _ _ _ _ _\n\nentity = <selene.core.entity.Collection object at 0x0000026EB25E8990>\n\n    def fn(entity: E) -> None:\n        query_to_str = str(query)\n        result = (\n            query.__name__\n            if query_to_str.startswith('<function')\n            else query_to_str\n        )\n>       actual = query(entity)\n\n..\\..\\..\\AppData\\Local\\Programs\\Python\\Python311\\Lib\\site-packages\\selene\\core\\condition.py:145: \n_ _ _ _ _ _ _ _ _ _ _ _ _ _ _ _ _ _ _ _ _ _ _ _ _ _ _ _ _ _ _ _ _ _ _ _ _ _ _ _\n\nself = <selene.core.wait.Query object at 0x0000026EB206EC90>\nentity = <selene.core.entity.Collection object at 0x0000026EB25E8990>\n\n    def __call__(self, entity: T) -> R:\n>       return self._fn(entity)\n\n..\\..\\..\\AppData\\Local\\Programs\\Python\\Python311\\Lib\\site-packages\\selene\\core\\wait.py:61: \n_ _ _ _ _ _ _ _ _ _ _ _ _ _ _ _ _ _ _ _ _ _ _ _ _ _ _ _ _ _ _ _ _ _ _ _ _ _ _ _\n\nelement = <selene.core.entity.Collection object at 0x0000026EB25E8990>\n\n>   text: Query[Element, str] = Query('text', lambda element: element().text)\nE   AttributeError: 'list' object has no attribute 'text'\n\n..\\..\\..\\AppData\\Local\\Programs\\Python\\Python311\\Lib\\site-packages\\selene\\core\\query.py:53: AttributeError\n\nDuring handling of the above exception, another exception occurred:\n\nlogin = <sauce_demo_UI_autotests.model.application.Application object at 0x0000026EB22DA7D0>\n\n    @allure.tag(\"web\")\n    @allure.feature(f'Add Product to Cart')\n    @allure.story(\"Verify that users can add items to the cart and the cart updates accordingly.\")\n    def test_add_product_to_cart(login):\n        with allure.step(\"From main page find the cheapest item and  to the cart\"):\n            app.main_page.open_homepage().\\\n                filter_by_price().\\\n                add_to_cart_cheapest_product()\n        with allure.step(\"Verify that the number of items in the cart has increased by one\"):\n>           app.cart_page.open().verify_product_added()\n\ntest_cart_page.py:15: \n_ _ _ _ _ _ _ _ _ _ _ _ _ _ _ _ _ _ _ _ _ _ _ _ _ _ _ _ _ _ _ _ _ _ _ _ _ _ _ _\n..\\sauce_demo_UI_autotests\\model\\pages\\cart_page.py:10: in verify_product_added\n    browser.all('.cart_item_label').should(have.text(\"Sauce Labs Onesie\"))\n..\\..\\..\\AppData\\Local\\Programs\\Python\\Python311\\Lib\\site-packages\\selene\\core\\entity.py:1088: in should\n    self.wait.for_(condition)\n..\\..\\..\\AppData\\Local\\Programs\\Python\\Python311\\Lib\\site-packages\\selene\\core\\wait.py:147: in for_\n    return _(fn)\n_ _ _ _ _ _ _ _ _ _ _ _ _ _ _ _ _ _ _ _ _ _ _ _ _ _ _ _ _ _ _ _ _ _ _ _ _ _ _ _\n\nfn = <selene.core.conditions.ElementCondition object at 0x0000026EB25EA1D0>\n\n    @self._decorator(self)\n    def _(fn: Callable[[E], R]) -> R:\n        finish_time = time.time() + self._timeout\n    \n        while True:\n            try:\n                return fn(self.entity)\n            except Exception as reason:\n                if time.time() > finish_time:\n    \n                    reason_message = str(reason)\n    \n                    reason_string = '{name}: {message}'.format(\n                        name=reason.__class__.__name__,\n                        message=reason_message,\n                    )\n                    # todo: think on how can we improve logging failures in selene, e.g. reverse msg and stacktrace\n                    # stacktrace = getattr(reason, 'stacktrace', None)\n                    timeout = self._timeout\n                    entity = self.entity\n    \n                    failure = TimeoutException(\n                        f'\\n'\n                        f'\\nTimed out after {timeout}s, while waiting for:'\n                        f'\\n{entity}.{fn}'\n                        f'\\n'\n                        f'\\nReason: {reason_string}'\n                    )\n    \n>                   raise self._hook_failure(failure)\nE                   selene.core.exceptions.TimeoutException: Message: \nE                   \nE                   Timed out after 2.0s, while waiting for:\nE                   browser.all(('css selector', '.cart_item_label')).has text Sauce Labs Onesie\nE                   \nE                   Reason: AttributeError: 'list' object has no attribute 'text'\nE                   Screenshot: file://C:\\Users\\skmee\\.selene\\screenshots\\1690619737537\\1690619737538.png\nE                   PageSource: file://C:\\Users\\skmee\\.selene\\screenshots\\1690619737537\\1690619737538.html\n\n..\\..\\..\\AppData\\Local\\Programs\\Python\\Python311\\Lib\\site-packages\\selene\\core\\wait.py:145: TimeoutException"}, "steps": [{"name": "From main page find the cheapest item and  to the cart", "status": "passed", "start": 1690619751382, "stop": 1690619752321}, {"name": "Verify that the number of items in the cart has increased by one", "status": "failed", "statusDetails": {"message": "selene.core.exceptions.TimeoutException: Message: \n\nTimed out after 2.0s, while waiting for:\nbrowser.all(('css selector', '.cart_item_label')).has text Sauce Labs Onesie\n\nReason: AttributeError: 'list' object has no attribute 'text'\nScreenshot: file://C:\\Users\\skmee\\.selene\\screenshots\\1690619737537\\1690619737538.png\nPageSource: file://C:\\Users\\skmee\\.selene\\screenshots\\1690619737537\\1690619737538.html\n\n", "trace": "  File \"C:\\Users\\skmee\\PycharmProjects\\sauce_demo_UI_autotests\\tests\\test_cart_page.py\", line 15, in test_add_product_to_cart\n    app.cart_page.open().verify_product_added()\n  File \"C:\\Users\\skmee\\PycharmProjects\\sauce_demo_UI_autotests\\sauce_demo_UI_autotests\\model\\pages\\cart_page.py\", line 10, in verify_product_added\n    browser.all('.cart_item_label').should(have.text(\"Sauce Labs Onesie\"))\n  File \"C:\\Users\\skmee\\AppData\\Local\\Programs\\Python\\Python311\\Lib\\site-packages\\selene\\core\\entity.py\", line 1088, in should\n    self.wait.for_(condition)\n  File \"C:\\Users\\skmee\\AppData\\Local\\Programs\\Python\\Python311\\Lib\\site-packages\\selene\\core\\wait.py\", line 147, in for_\n    return _(fn)\n           ^^^^^\n  File \"C:\\Users\\skmee\\AppData\\Local\\Programs\\Python\\Python311\\Lib\\site-packages\\selene\\core\\wait.py\", line 145, in _\n    raise self._hook_failure(failure)\n"}, "start": 1690619752321, "stop": 1690619754510}], "start": 1690619751373, "stop": 1690619754756, "uuid": "313c483b-20af-4159-b975-3ec49da9d083", "historyId": "5f49604ed81b35e667d16c534876c103", "testCaseId": "45712f94275279a0d7954510f493ad53", "fullName": "tests.test_cart_page#test_add_product_to_cart", "labels": [{"name": "tag", "value": "web"}, {"name": "feature", "value": "Add Product to Cart"}, {"name": "story", "value": "Verify that users can add items to the cart and the cart updates accordingly."}, {"name": "parentSuite", "value": "tests"}, {"name": "suite", "value": "test_cart_page"}, {"name": "host", "value": "LAPTOP-OFQSKCIR"}, {"name": "thread", "value": "10768-MainThread"}, {"name": "framework", "value": "pytest"}, {"name": "language", "value": "cpython3"}, {"name": "package", "value": "tests.test_cart_page"}]}